<?xml version="1.0" encoding="UTF-8" ?>
<testsuite tests="4" failures="1" name="runners.RunNewToursTest" time="184.257" errors="0" skipped="0">
  <properties>
[...]
</properties>
  <testcase classname="The NewTours website is used for flight bookings." name="Validate that an unregistered user cannot login in to the NewTours website." time="8.627"/>
  <testcase classname="The NewTours website is used for flight bookings." name="Validate that the web user is able to perform flight bookings" time="45.539"/>
  <testcase classname="The NewTours website is used for flight bookings." name="Validate that the web user is able to perform flight bookings" time="58.053"/>
  <testcase classname="The NewTours website is used for flight bookings." name="Validate that the NewTours application requires the Origin and Destination locations to be different" time="72.038">
    <failure type="java.lang.AssertionError">java.lang.AssertionError
	at org.junit.Assert.fail(Assert.java:86)
	at org.junit.Assert.fail(Assert.java:95)
	at pages.FlightFinderPage.bookingCannotProceedWithErrorsOnPage(FlightFinderPage.java:76)
	at cucumberSerenity.BookingsSerenityStepDef.bookingCannotProceedWithErrorsOnPage(BookingsSerenityStepDef.java:70)
	at cucumberSerenity.BookingsSerenityStepDef$$EnhancerByCGLIB$$54316ba1.CGLIB$bookingCannotProceedWithErrorsOnPage$9(&lt;generated&gt;)
	at cucumberSerenity.BookingsSerenityStepDef$$EnhancerByCGLIB$$54316ba1$$FastClassByCGLIB$$c95d1e48.invoke(&lt;generated&gt;)
	at net.sf.cglib.proxy.MethodProxy.invokeSuper(MethodProxy.java:228)
	at net.thucydides.core.steps.StepInterceptor.invokeMethod(StepInterceptor.java:477)
	at net.thucydides.core.steps.StepInterceptor.executeTestStepMethod(StepInterceptor.java:462)
	at net.thucydides.core.steps.StepInterceptor.runTestStep(StepInterceptor.java:437)
	at net.thucydides.core.steps.StepInterceptor.runOrSkipMethod(StepInterceptor.java:178)
	at net.thucydides.core.steps.StepInterceptor.testStepResult(StepInterceptor.java:165)
	at net.thucydides.core.steps.StepInterceptor.intercept(StepInterceptor.java:71)
	at cucumberSerenity.BookingsSerenityStepDef$$EnhancerByCGLIB$$54316ba1.bookingCannotProceedWithErrorsOnPage(&lt;generated&gt;)
	at cucumberSerenity.BookingsCucumberStepDef.theWebApplicationDoesnTLetTheUserToProceedWithBooking(BookingsCucumberStepDef.java:65)
	at ✽.the web application doesn&apos;t let the user to proceed with booking(src/test/resources/features/NewToursTesting.feature:26)
</failure>
    <system-out>the browser is successfully launched.
</system-out>
    <system-err>java.lang.AssertionError: Failure. Booking cannot proceed without correct dates and destinations.
	at org.junit.Assert.fail(Assert.java:88)
	at org.junit.Assert.assertTrue(Assert.java:41)
	at org.junit.Assert.assertFalse(Assert.java:64)
	at pages.FlightFinderPage.bookingCannotProceedWithErrorsOnPage(FlightFinderPage.java:71)
	at cucumberSerenity.BookingsSerenityStepDef.bookingCannotProceedWithErrorsOnPage(BookingsSerenityStepDef.java:70)
	at cucumberSerenity.BookingsSerenityStepDef$$EnhancerByCGLIB$$54316ba1.CGLIB$bookingCannotProceedWithErrorsOnPage$9(&lt;generated&gt;)
	at cucumberSerenity.BookingsSerenityStepDef$$EnhancerByCGLIB$$54316ba1$$FastClassByCGLIB$$c95d1e48.invoke(&lt;generated&gt;)
	at net.sf.cglib.proxy.MethodProxy.invokeSuper(MethodProxy.java:228)
	at net.thucydides.core.steps.StepInterceptor.invokeMethod(StepInterceptor.java:477)
	at net.thucydides.core.steps.StepInterceptor.executeTestStepMethod(StepInterceptor.java:462)
	at net.thucydides.core.steps.StepInterceptor.runTestStep(StepInterceptor.java:437)
	at net.thucydides.core.steps.StepInterceptor.runOrSkipMethod(StepInterceptor.java:178)
	at net.thucydides.core.steps.StepInterceptor.testStepResult(StepInterceptor.java:165)
	at net.thucydides.core.steps.StepInterceptor.intercept(StepInterceptor.java:71)
	at cucumberSerenity.BookingsSerenityStepDef$$EnhancerByCGLIB$$54316ba1.bookingCannotProceedWithErrorsOnPage(&lt;generated&gt;)
	at cucumberSerenity.BookingsCucumberStepDef.theWebApplicationDoesnTLetTheUserToProceedWithBooking(BookingsCucumberStepDef.java:65)
	at sun.reflect.NativeMethodAccessorImpl.invoke0(Native Method)
	at sun.reflect.NativeMethodAccessorImpl.invoke(NativeMethodAccessorImpl.java:62)
	at sun.reflect.DelegatingMethodAccessorImpl.invoke(DelegatingMethodAccessorImpl.java:43)
	at java.lang.reflect.Method.invoke(Method.java:498)
	at cucumber.runtime.Utils$1.call(Utils.java:31)
	at cucumber.runtime.Timeout.timeout(Timeout.java:16)
	at cucumber.runtime.Utils.invoke(Utils.java:25)
	at cucumber.runtime.java.JavaStepDefinition.execute(JavaStepDefinition.java:37)
	at cucumber.runtime.StepDefinitionMatch.runStep(StepDefinitionMatch.java:40)
	at cucumber.api.TestStep.executeStep(TestStep.java:102)
	at cucumber.api.TestStep.run(TestStep.java:83)
	at cucumber.api.TestCase.run(TestCase.java:58)
	at cucumber.runner.Runner.runPickle(Runner.java:80)
	at cucumber.runtime.junit.PickleRunners$NoStepDescriptions.run(PickleRunners.java:140)
	at cucumber.runtime.junit.FeatureRunner.runChild(FeatureRunner.java:68)
	at cucumber.runtime.junit.FeatureRunner.runChild(FeatureRunner.java:23)
	at org.junit.runners.ParentRunner$3.run(ParentRunner.java:290)
	at org.junit.runners.ParentRunner$1.schedule(ParentRunner.java:71)
	at org.junit.runners.ParentRunner.runChildren(ParentRunner.java:288)
	at org.junit.runners.ParentRunner.access$000(ParentRunner.java:58)
	at org.junit.runners.ParentRunner$2.evaluate(ParentRunner.java:268)
	at org.junit.runners.ParentRunner.run(ParentRunner.java:363)
	at cucumber.runtime.junit.FeatureRunner.run(FeatureRunner.java:73)
	at cucumber.api.junit.Cucumber.runChild(Cucumber.java:118)
	at cucumber.api.junit.Cucumber.runChild(Cucumber.java:56)
	at org.junit.runners.ParentRunner$3.run(ParentRunner.java:290)
	at org.junit.runners.ParentRunner$1.schedule(ParentRunner.java:71)
	at org.junit.runners.ParentRunner.runChildren(ParentRunner.java:288)
	at org.junit.runners.ParentRunner.access$000(ParentRunner.java:58)
	at org.junit.runners.ParentRunner$2.evaluate(ParentRunner.java:268)
	at cucumber.api.junit.Cucumber$1.evaluate(Cucumber.java:127)
	at org.junit.runners.ParentRunner.run(ParentRunner.java:363)
	at org.apache.maven.surefire.junit4.JUnit4Provider.execute(JUnit4Provider.java:252)
	at org.apache.maven.surefire.junit4.JUnit4Provider.executeTestSet(JUnit4Provider.java:141)
	at org.apache.maven.surefire.junit4.JUnit4Provider.invoke(JUnit4Provider.java:112)
	at sun.reflect.NativeMethodAccessorImpl.invoke0(Native Method)
	at sun.reflect.NativeMethodAccessorImpl.invoke(NativeMethodAccessorImpl.java:62)
	at sun.reflect.DelegatingMethodAccessorImpl.invoke(DelegatingMethodAccessorImpl.java:43)
	at java.lang.reflect.Method.invoke(Method.java:498)
	at org.apache.maven.surefire.util.ReflectionUtils.invokeMethodWithArray(ReflectionUtils.java:189)
	at org.apache.maven.surefire.booter.ProviderFactory$ProviderProxy.invoke(ProviderFactory.java:165)
	at org.apache.maven.surefire.booter.ProviderFactory.invokeProvider(ProviderFactory.java:85)
	at org.apache.maven.surefire.booter.ForkedBooter.runSuitesInProcess(ForkedBooter.java:115)
	at org.apache.maven.surefire.booter.ForkedBooter.main(ForkedBooter.java:75)
</system-err>
  </testcase>
</testsuite>